ambulance_namisha/build/app/intermediates/manifest_merge_blame_file/debug/manifest-merger-blame-debug-report.txt
1<?xml version="1.0" encoding="utf-8"?>
2<manifest xmlns:android="http://schemas.android.com/apk/res/android"
3    package="com.tl3bc.ambulance"
4    android:versionCode="1"
5    android:versionName="1.0.0" >
6
7    <uses-sdk
8        android:minSdkVersion="21"
9        android:targetSdkVersion="28" />
10    <!--
11         Flutter needs it to communicate with the running application
12         to allow setting breakpoints, to provide hot reload, etc.
13    -->
14    <uses-permission android:name="android.permission.INTERNET" />
14-->src\debug\AndroidManifest.xml:6:5-66
14-->src\debug\AndroidManifest.xml:6:22-64
15    <uses-permission android:name="android.permission.ACCESS_FINE_LOCATION" />
15-->src\main\AndroidManifest.xml:32:5-79
15-->src\main\AndroidManifest.xml:32:22-76
16    <uses-permission android:name="android.permission.ACCESS_COARSE_LOCATION" /> <!-- Although the *SdkVersion is captured in gradle build files, this is required for non gradle builds -->
16-->src\main\AndroidManifest.xml:33:5-81
16-->src\main\AndroidManifest.xml:33:22-78
17    <!-- <uses-sdk android:minSdkVersion="14" /> -->
18    <uses-permission android:name="android.permission.ACCESS_NETWORK_STATE" />
18-->[com.google.firebase:firebase-firestore:21.3.0] AndroidManifest.xml:13:5-79
18-->[com.google.firebase:firebase-firestore:21.3.0] AndroidManifest.xml:13:22-76
19    <!--
20 io.flutter.app.FlutterApplication is an android.app.Application that
21         calls FlutterMain.startInitialization(this); in its onCreate method.
22         In most cases you can leave this as-is, but you if you want to provide
23         additional functionality it is fine to subclass or reimplement
24         FlutterApplication and put your custom class here.
25    -->
26    <application
26-->src\main\AndroidManifest.xml:8:5-29:19
27        android:name="io.flutter.app.FlutterApplication"
27-->src\main\AndroidManifest.xml:9:9-57
28        android:appComponentFactory="androidx.core.app.CoreComponentFactory"
28-->[androidx.core:core:1.2.0] AndroidManifest.xml:24:18-86
29        android:debuggable="true"
30        android:icon="@mipmap/ic_launcher"
30-->src\main\AndroidManifest.xml:11:9-43
31        android:label="ambulance" >
31-->src\main\AndroidManifest.xml:10:9-34
32        <activity
32-->src\main\AndroidManifest.xml:12:9-23:20
33            android:name="com.tl3bc.ambulance.MainActivity"
33-->src\main\AndroidManifest.xml:13:13-41
34            android:configChanges="orientation|keyboardHidden|keyboard|screenSize|smallestScreenSize|locale|layoutDirection|fontScale|screenLayout|density|uiMode"
34-->src\main\AndroidManifest.xml:16:13-163
35            android:hardwareAccelerated="true"
35-->src\main\AndroidManifest.xml:17:13-47
36            android:launchMode="singleTop"
36-->src\main\AndroidManifest.xml:14:13-43
37            android:theme="@style/LaunchTheme"
37-->src\main\AndroidManifest.xml:15:13-47
38            android:windowSoftInputMode="adjustResize" >
38-->src\main\AndroidManifest.xml:18:13-55
39            <intent-filter>
39-->src\main\AndroidManifest.xml:19:13-22:29
40                <action android:name="android.intent.action.MAIN" />
40-->src\main\AndroidManifest.xml:20:17-68
40-->src\main\AndroidManifest.xml:20:25-66
41
42                <category android:name="android.intent.category.LAUNCHER" />
42-->src\main\AndroidManifest.xml:21:17-76
42-->src\main\AndroidManifest.xml:21:27-74
43            </intent-filter>
44        </activity>
45        <!--
46             Don't delete the meta-data below.
47             This is used by the Flutter tool to generate GeneratedPluginRegistrant.java
48        -->
49        <meta-data
49-->src\main\AndroidManifest.xml:26:9-28:33
50            android:name="flutterEmbedding"
50-->src\main\AndroidManifest.xml:27:13-44
51            android:value="2" />
51-->src\main\AndroidManifest.xml:28:13-30
52
53        <service
53-->[:cloud_firestore] AndroidManifest.xml:8:9-12:19
54            android:name="com.google.firebase.components.ComponentDiscoveryService"
54-->[:cloud_firestore] AndroidManifest.xml:8:18-89
55            android:directBootAware="true"
55-->[com.google.firebase:firebase-common:19.3.0] AndroidManifest.xml:34:13-43
56            android:exported="false" >
56-->[com.google.firebase:firebase-firestore:21.3.0] AndroidManifest.xml:19:13-37
57            <meta-data
57-->[:cloud_firestore] AndroidManifest.xml:9:13-11:85
58                android:name="com.google.firebase.components:io.flutter.plugins.firebase.cloudfirestore.FlutterFirebaseAppRegistrar"
58-->[:cloud_firestore] AndroidManifest.xml:10:17-133
59                android:value="com.google.firebase.components.ComponentRegistrar" />
59-->[:cloud_firestore] AndroidManifest.xml:11:17-82
60            <meta-data
60-->[:firebase_auth] AndroidManifest.xml:9:13-11:85
61                android:name="com.google.firebase.components:io.flutter.plugins.firebaseauth.FlutterFirebaseAppRegistrar"
61-->[:firebase_auth] AndroidManifest.xml:10:17-122
62                android:value="com.google.firebase.components.ComponentRegistrar" />
62-->[:firebase_auth] AndroidManifest.xml:11:17-82
63            <meta-data
63-->[:firebase_core] AndroidManifest.xml:9:13-11:85
64                android:name="com.google.firebase.components:io.flutter.plugins.firebase.core.FlutterFirebaseAppRegistrar"
64-->[:firebase_core] AndroidManifest.xml:10:17-123
65                android:value="com.google.firebase.components.ComponentRegistrar" />
65-->[:firebase_core] AndroidManifest.xml:11:17-82
66            <meta-data
66-->[com.google.firebase:firebase-firestore:21.3.0] AndroidManifest.xml:20:13-22:85
67                android:name="com.google.firebase.components:com.google.firebase.firestore.FirestoreRegistrar"
67-->[com.google.firebase:firebase-firestore:21.3.0] AndroidManifest.xml:21:17-111
68                android:value="com.google.firebase.components.ComponentRegistrar" />
68-->[com.google.firebase:firebase-firestore:21.3.0] AndroidManifest.xml:22:17-82
69            <meta-data
69-->[com.google.firebase:firebase-auth:17.0.0] AndroidManifest.xml:36:13-38:85
70                android:name="com.google.firebase.components:com.google.firebase.auth.FirebaseAuthRegistrar"
70-->[com.google.firebase:firebase-auth:17.0.0] AndroidManifest.xml:37:17-109
71                android:value="com.google.firebase.components.ComponentRegistrar" />
71-->[com.google.firebase:firebase-auth:17.0.0] AndroidManifest.xml:38:17-82
72        </service>
73
74        <activity
74-->[com.google.firebase:firebase-auth:17.0.0] AndroidManifest.xml:24:9-31:50
75            android:name="com.google.firebase.auth.internal.FederatedSignInActivity"
75-->[com.google.firebase:firebase-auth:17.0.0] AndroidManifest.xml:25:13-85
76            android:excludeFromRecents="true"
76-->[com.google.firebase:firebase-auth:17.0.0] AndroidManifest.xml:26:13-46
77            android:exported="true"
77-->[com.google.firebase:firebase-auth:17.0.0] AndroidManifest.xml:27:13-36
78            android:launchMode="singleTask"
78-->[com.google.firebase:firebase-auth:17.0.0] AndroidManifest.xml:28:13-44
79            android:permission="com.google.firebase.auth.api.gms.permission.LAUNCH_FEDERATED_SIGN_IN"
79-->[com.google.firebase:firebase-auth:17.0.0] AndroidManifest.xml:29:13-102
80            android:theme="@android:style/Theme.Translucent.NoTitleBar" />
80-->[com.google.firebase:firebase-auth:17.0.0] AndroidManifest.xml:30:13-72
81        <activity
81-->[com.google.android.gms:play-services-base:17.2.1] AndroidManifest.xml:23:9-26:75
82            android:name="com.google.android.gms.common.api.GoogleApiActivity"
82-->[com.google.android.gms:play-services-base:17.2.1] AndroidManifest.xml:24:13-79
83            android:exported="false"
83-->[com.google.android.gms:play-services-base:17.2.1] AndroidManifest.xml:25:13-37
84            android:theme="@android:style/Theme.Translucent.NoTitleBar" />
84-->[com.google.android.gms:play-services-base:17.2.1] AndroidManifest.xml:26:13-72
85
86        <provider
86-->[com.google.firebase:firebase-common:19.3.0] AndroidManifest.xml:26:9-30:39
87            android:name="com.google.firebase.provider.FirebaseInitProvider"
87-->[com.google.firebase:firebase-common:19.3.0] AndroidManifest.xml:27:13-77
88            android:authorities="com.tl3bc.ambulance.firebaseinitprovider"
88-->[com.google.firebase:firebase-common:19.3.0] AndroidManifest.xml:28:13-72
89            android:exported="false"
89-->[com.google.firebase:firebase-common:19.3.0] AndroidManifest.xml:29:13-37
90            android:initOrder="100" />
90-->[com.google.firebase:firebase-common:19.3.0] AndroidManifest.xml:30:13-36
91
92        <meta-data
92-->[com.google.android.gms:play-services-basement:17.2.1] AndroidManifest.xml:23:9-25:69
93            android:name="com.google.android.gms.version"
93-->[com.google.android.gms:play-services-basement:17.2.1] AndroidManifest.xml:24:13-58
94            android:value="@integer/google_play_services_version" />
94-->[com.google.android.gms:play-services-basement:17.2.1] AndroidManifest.xml:25:13-66
95    </application>
96
97</manifest>